C:\Program Files\Microsoft Visual Studio\2022\Community\MSBuild\Microsoft\VC\v170\Microsoft.CppBuild.targets(531,5): warning MSB8028: The intermediate directory (x64\Debug\) contains files shared from another project (Engine.vcxproj).  This can lead to incorrect clean and rebuild behavior.
  Animator.cpp
D:\Topicos\ProjectTopics\OpenGLDemo\Engine\Animator.cpp(20,37): warning C4267: '=': conversion from 'size_t' to 'int', possible loss of data
D:\Topicos\ProjectTopics\OpenGLDemo\Engine\Animator.cpp(40,84): warning C4267: '=': conversion from 'size_t' to 'int', possible loss of data
  Components.cpp
D:\Topicos\ProjectTopics\OpenGLDemo\Engine\Components.cpp(29,2): warning C4150: deletion of pointer to incomplete type 'Object'; no destructor called
  Engine.cpp
      D:\Topicos\ProjectTopics\OpenGLDemo\Engine\Components.h(4,7):
      see declaration of 'Object'
  
  Inputs.cpp
D:\Topicos\ProjectTopics\OpenGLDemo\Engine\Inputs.cpp(77,159): warning C4244: 'argument': conversion from 'int' to 'float', possible loss of data
  Object.cpp
  RigidBody2D.cpp
  Scene.cpp
  SpriteRenderer.cpp
D:\Topicos\ProjectTopics\OpenGLDemo\Engine\SpriteRenderer.cpp(96,44): warning C4267: '=': conversion from 'size_t' to 'int', possible loss of data
D:\Topicos\ProjectTopics\OpenGLDemo\Engine\SpriteRenderer.cpp(97,45): warning C4267: '=': conversion from 'size_t' to 'int', possible loss of data
D:\Topicos\ProjectTopics\OpenGLDemo\Engine\SpriteRenderer.cpp(120,58): warning C4244: '=': conversion from 'float' to 'int', possible loss of data
D:\Topicos\ProjectTopics\OpenGLDemo\Engine\SpriteRenderer.cpp(121,58): warning C4244: '=': conversion from 'float' to 'int', possible loss of data
D:\Topicos\ProjectTopics\OpenGLDemo\Engine\SpriteRenderer.cpp(122,52): warning C4244: '=': conversion from 'float' to 'int', possible loss of data
D:\Topicos\ProjectTopics\OpenGLDemo\Engine\SpriteRenderer.cpp(123,52): warning C4244: '=': conversion from 'float' to 'int', possible loss of data
  Transform.cpp
  Window.cpp
  Generating Code...
  OpenGLDemo.vcxproj -> D:\Topicos\ProjectTopics\x64\Debug\OpenGLDemo.lib
