  BackGround.cpp
  BackgroundParalax.cpp
  Boundaries.cpp
  EnemyProjectile.cpp
  Explotion.cpp
  Loner.cpp
  Missiles.cpp
  Nave.cpp
  Rusher.cpp
  SceneGame.cpp
  Spawners.cpp
  XenonClone.cpp
  Generating Code...
OpenGLDemo.lib(world.obj) : warning LNK4099: PDB '' was not found with 'OpenGLDemo.lib(world.obj)' or at ''; linking object as if no debug info
OpenGLDemo.lib(wheel_joint.obj) : warning LNK4099: PDB '' was not found with 'OpenGLDemo.lib(wheel_joint.obj)' or at ''; linking object as if no debug info
OpenGLDemo.lib(weld_joint.obj) : warning LNK4099: PDB '' was not found with 'OpenGLDemo.lib(weld_joint.obj)' or at ''; linking object as if no debug info
OpenGLDemo.lib(types.obj) : warning LNK4099: PDB '' was not found with 'OpenGLDemo.lib(types.obj)' or at ''; linking object as if no debug info
OpenGLDemo.lib(table.obj) : warning LNK4099: PDB '' was not found with 'OpenGLDemo.lib(table.obj)' or at ''; linking object as if no debug info
OpenGLDemo.lib(solver.obj) : warning LNK4099: PDB '' was not found with 'OpenGLDemo.lib(solver.obj)' or at ''; linking object as if no debug info
OpenGLDemo.lib(shape.obj) : warning LNK4099: PDB '' was not found with 'OpenGLDemo.lib(shape.obj)' or at ''; linking object as if no debug info
OpenGLDemo.lib(revolute_joint.obj) : warning LNK4099: PDB '' was not found with 'OpenGLDemo.lib(revolute_joint.obj)' or at ''; linking object as if no debug info
OpenGLDemo.lib(prismatic_joint.obj) : warning LNK4099: PDB '' was not found with 'OpenGLDemo.lib(prismatic_joint.obj)' or at ''; linking object as if no debug info
OpenGLDemo.lib(mouse_joint.obj) : warning LNK4099: PDB '' was not found with 'OpenGLDemo.lib(mouse_joint.obj)' or at ''; linking object as if no debug info
OpenGLDemo.lib(motor_joint.obj) : warning LNK4099: PDB '' was not found with 'OpenGLDemo.lib(motor_joint.obj)' or at ''; linking object as if no debug info
OpenGLDemo.lib(math_functions.obj) : warning LNK4099: PDB '' was not found with 'OpenGLDemo.lib(math_functions.obj)' or at ''; linking object as if no debug info
OpenGLDemo.lib(manifold.obj) : warning LNK4099: PDB '' was not found with 'OpenGLDemo.lib(manifold.obj)' or at ''; linking object as if no debug info
OpenGLDemo.lib(joint.obj) : warning LNK4099: PDB '' was not found with 'OpenGLDemo.lib(joint.obj)' or at ''; linking object as if no debug info
OpenGLDemo.lib(hull.obj) : warning LNK4099: PDB '' was not found with 'OpenGLDemo.lib(hull.obj)' or at ''; linking object as if no debug info
OpenGLDemo.lib(geometry.obj) : warning LNK4099: PDB '' was not found with 'OpenGLDemo.lib(geometry.obj)' or at ''; linking object as if no debug info
OpenGLDemo.lib(dynamic_tree.obj) : warning LNK4099: PDB '' was not found with 'OpenGLDemo.lib(dynamic_tree.obj)' or at ''; linking object as if no debug info
OpenGLDemo.lib(distance_joint.obj) : warning LNK4099: PDB '' was not found with 'OpenGLDemo.lib(distance_joint.obj)' or at ''; linking object as if no debug info
OpenGLDemo.lib(distance.obj) : warning LNK4099: PDB '' was not found with 'OpenGLDemo.lib(distance.obj)' or at ''; linking object as if no debug info
OpenGLDemo.lib(core.obj) : warning LNK4099: PDB '' was not found with 'OpenGLDemo.lib(core.obj)' or at ''; linking object as if no debug info
OpenGLDemo.lib(contact_solver.obj) : warning LNK4099: PDB '' was not found with 'OpenGLDemo.lib(contact_solver.obj)' or at ''; linking object as if no debug info
OpenGLDemo.lib(broad_phase.obj) : warning LNK4099: PDB '' was not found with 'OpenGLDemo.lib(broad_phase.obj)' or at ''; linking object as if no debug info
OpenGLDemo.lib(body.obj) : warning LNK4099: PDB '' was not found with 'OpenGLDemo.lib(body.obj)' or at ''; linking object as if no debug info
OpenGLDemo.lib(aabb.obj) : warning LNK4099: PDB '' was not found with 'OpenGLDemo.lib(aabb.obj)' or at ''; linking object as if no debug info
  XenonClone.vcxproj -> D:\Topicos\ProjectTopics\x64\Debug\XenonClone.exe
